<?xml version="1.0" encoding="UTF-8"?>
<!-- Generated by org.testng.reporters.JUnitReportReporter -->
<testsuite hostname="DESKTOP-OOPMDMF" failures="0" tests="2" name="testngexamples.Exp_Testng2" time="0.011" errors="0" timestamp="23 Sep 2021 09:58:38 GMT">
  <testcase classname="testngexamples.Exp_Testng2" name="addEmp" time="0.005"/>
  <testcase classname="testngexamples.Exp_Testng2" name="delEmp" time="0.006"/>
</testsuite> <!-- testngexamples.Exp_Testng2 -->
