<?xml version="1.0" encoding="UTF-8"?>
<!-- Generated by org.testng.reporters.JUnitReportReporter -->
<testsuite hostname="DESKTOP-OOPMDMF" failures="0" tests="2" name="testngexamples.Exp_Testng" time="0.021" errors="0" timestamp="23 Sep 2021 09:46:22 GMT">
  <testcase classname="testngexamples.Exp_Testng" name="login" time="0.018"/>
  <testcase classname="testngexamples.Exp_Testng" name="logout" time="0.003"/>
</testsuite> <!-- testngexamples.Exp_Testng -->
